{"C:\\Users\\boz_m\\OneDrive\\Masaüstü\\odev04\\src\\Game.jsx": {"path":"C:\\Users\\boz_m\\OneDrive\\Masaüstü\\odev04\\src\\Game.jsx","statementMap":{"0":{"start":{"line":5,"column":8},"end":{"line":5,"column":21}},"1":{"start":{"line":6,"column":8},"end":{"line":12,"column":9}},"2":{"start":{"line":15,"column":14},"end":{"line":44,"column":5}},"3":{"start":{"line":16,"column":61},"end":{"line":16,"column":71}},"4":{"start":{"line":18,"column":8},"end":{"line":43,"column":9}},"5":{"start":{"line":19,"column":29},"end":{"line":19,"column":38}},"6":{"start":{"line":22,"column":12},"end":{"line":30,"column":13}},"7":{"start":{"line":23,"column":16},"end":{"line":23,"column":49}},"8":{"start":{"line":24,"column":16},"end":{"line":24,"column":39}},"9":{"start":{"line":26,"column":16},"end":{"line":26,"column":50}},"10":{"start":{"line":27,"column":16},"end":{"line":29,"column":17}},"11":{"start":{"line":28,"column":20},"end":{"line":28,"column":44}},"12":{"start":{"line":31,"column":12},"end":{"line":35,"column":15}},"13":{"start":{"line":37,"column":12},"end":{"line":41,"column":13}},"14":{"start":{"line":38,"column":16},"end":{"line":40,"column":18}},"15":{"start":{"line":46,"column":15},"end":{"line":54,"column":5}},"16":{"start":{"line":47,"column":8},"end":{"line":53,"column":10}},"17":{"start":{"line":57,"column":32},"end":{"line":57,"column":42}},"18":{"start":{"line":58,"column":8},"end":{"line":71,"column":10}},"19":{"start":{"line":61,"column":66},"end":{"line":61,"column":81}},"20":{"start":{"line":62,"column":66},"end":{"line":62,"column":81}},"21":{"start":{"line":63,"column":66},"end":{"line":63,"column":81}}},"fnMap":{"0":{"name":"(anonymous_0)","decl":{"start":{"line":4,"column":4},"end":{"line":4,"column":5}},"loc":{"start":{"line":4,"column":23},"end":{"line":13,"column":5}},"line":4},"1":{"name":"(anonymous_1)","decl":{"start":{"line":15,"column":14},"end":{"line":15,"column":15}},"loc":{"start":{"line":15,"column":25},"end":{"line":44,"column":5}},"line":15},"2":{"name":"(anonymous_2)","decl":{"start":{"line":46,"column":15},"end":{"line":46,"column":16}},"loc":{"start":{"line":46,"column":21},"end":{"line":54,"column":5}},"line":46},"3":{"name":"(anonymous_3)","decl":{"start":{"line":56,"column":4},"end":{"line":56,"column":5}},"loc":{"start":{"line":56,"column":12},"end":{"line":72,"column":5}},"line":56},"4":{"name":"(anonymous_4)","decl":{"start":{"line":61,"column":61},"end":{"line":61,"column":62}},"loc":{"start":{"line":61,"column":65},"end":{"line":61,"column":82}},"line":61},"5":{"name":"(anonymous_5)","decl":{"start":{"line":62,"column":61},"end":{"line":62,"column":62}},"loc":{"start":{"line":62,"column":65},"end":{"line":62,"column":82}},"line":62},"6":{"name":"(anonymous_6)","decl":{"start":{"line":63,"column":61},"end":{"line":63,"column":62}},"loc":{"start":{"line":63,"column":65},"end":{"line":63,"column":82}},"line":63}},"branchMap":{"0":{"loc":{"start":{"line":18,"column":8},"end":{"line":43,"column":9}},"type":"if","locations":[{"start":{"line":18,"column":8},"end":{"line":43,"column":9}},{"start":{"line":18,"column":8},"end":{"line":43,"column":9}}],"line":18},"1":{"loc":{"start":{"line":22,"column":12},"end":{"line":30,"column":13}},"type":"if","locations":[{"start":{"line":22,"column":12},"end":{"line":30,"column":13}},{"start":{"line":22,"column":12},"end":{"line":30,"column":13}}],"line":22},"2":{"loc":{"start":{"line":27,"column":16},"end":{"line":29,"column":17}},"type":"if","locations":[{"start":{"line":27,"column":16},"end":{"line":29,"column":17}},{"start":{"line":27,"column":16},"end":{"line":29,"column":17}}],"line":27},"3":{"loc":{"start":{"line":37,"column":12},"end":{"line":41,"column":13}},"type":"if","locations":[{"start":{"line":37,"column":12},"end":{"line":41,"column":13}},{"start":{"line":37,"column":12},"end":{"line":41,"column":13}}],"line":37},"4":{"loc":{"start":{"line":65,"column":24},"end":{"line":65,"column":91}},"type":"cond-expr","locations":[{"start":{"line":65,"column":30},"end":{"line":65,"column":35}},{"start":{"line":65,"column":36},"end":{"line":65,"column":91}}],"line":65},"5":{"loc":{"start":{"line":66,"column":21},"end":{"line":68,"column":24}},"type":"binary-expr","locations":[{"start":{"line":66,"column":21},"end":{"line":66,"column":26}},{"start":{"line":66,"column":30},"end":{"line":68,"column":24}}],"line":66}},"s":{"0":11,"1":11,"2":11,"3":10,"4":10,"5":9,"6":9,"7":3,"8":3,"9":6,"10":6,"11":1,"12":9,"13":9,"14":4,"15":11,"16":0,"17":20,"18":20,"19":4,"20":3,"21":3},"f":{"0":11,"1":10,"2":0,"3":20,"4":4,"5":3,"6":3},"b":{"0":[9,1],"1":[3,6],"2":[1,5],"3":[4,5],"4":[4,16],"5":[20,4]},"_coverageSchema":"1a1c01bbd47fc00a2c39e90264f33305004495a9","hash":"23e8318b972461b389ad9cd55df23fe03f55798b"}
,"C:\\Users\\boz_m\\OneDrive\\Masaüstü\\odev04\\src\\index.jsx": {"path":"C:\\Users\\boz_m\\OneDrive\\Masaüstü\\odev04\\src\\index.jsx","statementMap":{"0":{"start":{"line":7,"column":8},"end":{"line":11,"column":9}},"1":{"start":{"line":14,"column":0},"end":{"line":14,"column":58}}},"fnMap":{"0":{"name":"(anonymous_0)","decl":{"start":{"line":6,"column":4},"end":{"line":6,"column":5}},"loc":{"start":{"line":6,"column":13},"end":{"line":12,"column":5}},"line":6}},"branchMap":{},"s":{"0":0,"1":0},"f":{"0":0},"b":{}}
}
