TN:
SF:src\Game.jsx
FN:4,(anonymous_0)
FN:15,(anonymous_1)
FN:46,(anonymous_2)
FN:56,(anonymous_3)
FN:61,(anonymous_4)
FN:62,(anonymous_5)
FN:63,(anonymous_6)
FNF:7
FNH:6
FNDA:11,(anonymous_0)
FNDA:10,(anonymous_1)
FNDA:0,(anonymous_2)
FNDA:20,(anonymous_3)
FNDA:4,(anonymous_4)
FNDA:3,(anonymous_5)
FNDA:3,(anonymous_6)
DA:5,11
DA:6,11
DA:15,11
DA:16,10
DA:18,10
DA:19,9
DA:22,9
DA:23,3
DA:24,3
DA:26,6
DA:27,6
DA:28,1
DA:31,9
DA:37,9
DA:38,4
DA:46,11
DA:47,0
DA:57,20
DA:58,20
DA:61,4
DA:62,3
DA:63,3
LF:22
LH:21
BRDA:18,0,0,9
BRDA:18,0,1,1
BRDA:22,1,0,3
BRDA:22,1,1,6
BRDA:27,2,0,1
BRDA:27,2,1,5
BRDA:37,3,0,4
BRDA:37,3,1,5
BRDA:65,4,0,4
BRDA:65,4,1,16
BRDA:66,5,0,20
BRDA:66,5,1,4
BRF:12
BRH:12
end_of_record
TN:
SF:src\index.jsx
FN:6,(anonymous_0)
FNF:1
FNH:0
FNDA:0,(anonymous_0)
DA:7,0
DA:14,0
LF:2
LH:0
BRF:0
BRH:0
end_of_record
